# JRE version: OpenJDK Runtime Environment (11.0.11+9) (build 11.0.11+9-b60-7590822)
# Java VM: OpenJDK 64-Bit Server VM (11.0.11+9-b60-7590822, mixed mode, tiered, compressed oops, g1 gc, windows-amd64)
Heap:
 garbage-first heap   total 473088K, used 265354K [0x0000000080000000, 0x0000000100000000)
  region size 1024K, 19 young (19456K), 4 survivors (4096K)
 Metaspace       used 158971K, capacity 165162K, committed 165448K, reserved 1193984K
  class space    used 19518K, capacity 21717K, committed 21760K, reserved 1048576K
GC Heap History (20 events):
Event: 10282.329 GC heap before
{Heap before GC invocations=399 (full 0):
 garbage-first heap   total 396288K, used 315613K [0x0000000080000000, 0x0000000100000000)
  region size 1024K, 133 young (136192K), 1 survivors (1024K)
 Metaspace       used 158519K, capacity 164744K, committed 164936K, reserved 1191936K
  class space    used 19502K, capacity 21669K, committed 21760K, reserved 1048576K
}
Event: 10282.343 GC heap after
{Heap after GC invocations=400 (full 0):
 garbage-first heap   total 396288K, used 184451K [0x0000000080000000, 0x0000000100000000)
  region size 1024K, 4 young (4096K), 4 survivors (4096K)
 Metaspace       used 158519K, capacity 164744K, committed 164936K, reserved 1191936K
  class space    used 19502K, capacity 21669K, committed 21760K, reserved 1048576K
}
Event: 10284.537 GC heap before
{Heap before GC invocations=401 (full 0):
 garbage-first heap   total 396288K, used 346243K [0x0000000080000000, 0x0000000100000000)
  region size 1024K, 138 young (141312K), 4 survivors (4096K)
 Metaspace       used 158581K, capacity 164790K, committed 164936K, reserved 1191936K
  class space    used 19507K, capacity 21705K, committed 21760K, reserved 1048576K
}
Event: 10284.565 GC heap after
{Heap after GC invocations=402 (full 0):
 garbage-first heap   total 396288K, used 208307K [0x0000000080000000, 0x0000000100000000)
  region size 1024K, 13 young (13312K), 13 survivors (13312K)
 Metaspace       used 158581K, capacity 164790K, committed 164936K, reserved 1191936K
  class space    used 19507K, capacity 21705K, committed 21760K, reserved 1048576K
}
Event: 10284.629 GC heap before
{Heap before GC invocations=402 (full 0):
 garbage-first heap   total 396288K, used 214451K [0x0000000080000000, 0x0000000100000000)
  region size 1024K, 19 young (19456K), 13 survivors (13312K)
 Metaspace       used 158581K, capacity 164790K, committed 164936K, reserved 1191936K
  class space    used 19507K, capacity 21705K, committed 21760K, reserved 1048576K
}
Event: 10284.661 GC heap after
{Heap after GC invocations=403 (full 0):
 garbage-first heap   total 396288K, used 201323K [0x0000000080000000, 0x0000000100000000)
  region size 1024K, 3 young (3072K), 3 survivors (3072K)
 Metaspace       used 158581K, capacity 164790K, committed 164936K, reserved 1191936K
  class space    used 19507K, capacity 21705K, committed 21760K, reserved 1048576K
}
Event: 10284.932 GC heap before
{Heap before GC invocations=403 (full 0):
 garbage-first heap   total 396288K, used 218731K [0x0000000080000000, 0x0000000100000000)
  region size 1024K, 22 young (22528K), 3 survivors (3072K)
 Metaspace       used 158599K, capacity 164854K, committed 164936K, reserved 1191936K
  class space    used 19507K, capacity 21705K, committed 21760K, reserved 1048576K
}
Event: 10284.957 GC heap after
{Heap after GC invocations=404 (full 0):
 garbage-first heap   total 396288K, used 206987K [0x0000000080000000, 0x0000000100000000)
  region size 1024K, 9 young (9216K), 9 survivors (9216K)
 Metaspace       used 158599K, capacity 164854K, committed 164936K, reserved 1191936K
  class space    used 19507K, capacity 21705K, committed 21760K, reserved 1048576K
}
Event: 10289.306 GC heap before
{Heap before GC invocations=405 (full 0):
 garbage-first heap   total 396288K, used 284811K [0x0000000080000000, 0x0000000100000000)
  region size 1024K, 87 young (89088K), 9 survivors (9216K)
 Metaspace       used 158785K, capacity 164997K, committed 165192K, reserved 1193984K
  class space    used 19511K, capacity 21707K, committed 21760K, reserved 1048576K
}
Event: 10289.390 GC heap after
{Heap after GC invocations=406 (full 0):
 garbage-first heap   total 396288K, used 237016K [0x0000000080000000, 0x0000000100000000)
  region size 1024K, 11 young (11264K), 11 survivors (11264K)
 Metaspace       used 158785K, capacity 164997K, committed 165192K, reserved 1193984K
  class space    used 19511K, capacity 21707K, committed 21760K, reserved 1048576K
}
Event: 10289.422 GC heap before
{Heap before GC invocations=406 (full 0):
 garbage-first heap   total 396288K, used 245208K [0x0000000080000000, 0x0000000100000000)
  region size 1024K, 19 young (19456K), 11 survivors (11264K)
 Metaspace       used 158786K, capacity 164997K, committed 165192K, reserved 1193984K
  class space    used 19511K, capacity 21707K, committed 21760K, reserved 1048576K
}
Event: 10289.488 GC heap after
{Heap after GC invocations=407 (full 0):
 garbage-first heap   total 396288K, used 227840K [0x0000000080000000, 0x0000000100000000)
  region size 1024K, 3 young (3072K), 3 survivors (3072K)
 Metaspace       used 158786K, capacity 164997K, committed 165192K, reserved 1193984K
  class space    used 19511K, capacity 21707K, committed 21760K, reserved 1048576K
}
Event: 10291.337 GC heap before
{Heap before GC invocations=407 (full 0):
 garbage-first heap   total 396288K, used 292352K [0x0000000080000000, 0x0000000100000000)
  region size 1024K, 66 young (67584K), 3 survivors (3072K)
 Metaspace       used 158895K, capacity 165097K, committed 165192K, reserved 1193984K
  class space    used 19518K, capacity 21717K, committed 21760K, reserved 1048576K
}
Event: 10291.380 GC heap after
{Heap after GC invocations=408 (full 0):
 garbage-first heap   total 396288K, used 240128K [0x0000000080000000, 0x0000000100000000)
  region size 1024K, 9 young (9216K), 9 survivors (9216K)
 Metaspace       used 158895K, capacity 165097K, committed 165192K, reserved 1193984K
  class space    used 19518K, capacity 21717K, committed 21760K, reserved 1048576K
}
Event: 10294.435 GC heap before
{Heap before GC invocations=409 (full 0):
 garbage-first heap   total 396288K, used 303616K [0x0000000080000000, 0x0000000100000000)
  region size 1024K, 70 young (71680K), 9 survivors (9216K)
 Metaspace       used 158940K, capacity 165161K, committed 165448K, reserved 1193984K
  class space    used 19518K, capacity 21717K, committed 21760K, reserved 1048576K
}
Event: 10294.490 GC heap after
{Heap after GC invocations=410 (full 0):
 garbage-first heap   total 473088K, used 247700K [0x0000000080000000, 0x0000000100000000)
  region size 1024K, 6 young (6144K), 6 survivors (6144K)
 Metaspace       used 158940K, capacity 165161K, committed 165448K, reserved 1193984K
  class space    used 19518K, capacity 21717K, committed 21760K, reserved 1048576K
}
Event: 10295.031 GC heap before
{Heap before GC invocations=410 (full 0):
 garbage-first heap   total 473088K, used 265108K [0x0000000080000000, 0x0000000100000000)
  region size 1024K, 23 young (23552K), 6 survivors (6144K)
 Metaspace       used 158967K, capacity 165161K, committed 165448K, reserved 1193984K
  class space    used 19518K, capacity 21717K, committed 21760K, reserved 1048576K
}
Event: 10295.082 GC heap after
{Heap after GC invocations=411 (full 0):
 garbage-first heap   total 473088K, used 246272K [0x0000000080000000, 0x0000000100000000)
  region size 1024K, 3 young (3072K), 3 survivors (3072K)
 Metaspace       used 158967K, capacity 165161K, committed 165448K, reserved 1193984K
  class space    used 19518K, capacity 21717K, committed 21760K, reserved 1048576K
}
Event: 10295.102 GC heap before
{Heap before GC invocations=411 (full 0):
 garbage-first heap   total 473088K, used 248320K [0x0000000080000000, 0x0000000100000000)
  region size 1024K, 6 young (6144K), 3 survivors (3072K)
 Metaspace       used 158969K, capacity 165162K, committed 165448K, reserved 1193984K
  class space    used 19518K, capacity 21717K, committed 21760K, reserved 1048576K
}
Event: 10295.116 GC heap after
{Heap after GC invocations=412 (full 0):
 garbage-first heap   total 473088K, used 246922K [0x0000000080000000, 0x0000000100000000)
  region size 1024K, 4 young (4096K), 4 survivors (4096K)
 Metaspace       used 158969K, capacity 165162K, committed 165448K, reserved 1193984K
  class space    used 19518K, capacity 21717K, committed 21760K, reserved 1048576K
}

